{"C:\\Users\\Allan NEto\\Desktop\\projects\\vagas\\smartenvios-challenge\\backend\\src\\services\\AuthenticateUserService.ts": {"path":"C:\\Users\\Allan NEto\\Desktop\\projects\\vagas\\smartenvios-challenge\\backend\\src\\services\\AuthenticateUserService.ts","statementMap":{"0":{"start":{"line":3,"column":0},"end":{"line":3,"column":36}},"1":{"start":{"line":4,"column":0},"end":{"line":4,"column":40}},"2":{"start":{"line":6,"column":0},"end":{"line":6,"column":null}},"3":{"start":{"line":7,"column":15},"end":{"line":16,"column":null}},"4":{"start":{"line":8,"column":10},"end":{"line":8,"column":34}},"5":{"start":{"line":10,"column":10},"end":{"line":13,"column":7}},"6":{"start":{"line":15,"column":4},"end":{"line":15,"column":17}},"7":{"start":{"line":17,"column":0},"end":{"line":17,"column":null}}},"fnMap":{"0":{"name":"(anonymous_14)","decl":{"start":{"line":6,"column":0},"end":{"line":6,"column":null}},"loc":{"start":{"line":6,"column":0},"end":{"line":17,"column":null}}},"1":{"name":"(anonymous_16)","decl":{"start":{"line":7,"column":2},"end":{"line":7,"column":15}},"loc":{"start":{"line":7,"column":33},"end":{"line":16,"column":null}}}},"branchMap":{},"s":{"0":1,"1":1,"2":1,"3":1,"4":1,"5":1,"6":1,"7":1},"f":{"0":2,"1":1},"b":{}}
,"C:\\Users\\Allan NEto\\Desktop\\projects\\vagas\\smartenvios-challenge\\backend\\src\\services\\CreateIntentionService.ts": {"path":"C:\\Users\\Allan NEto\\Desktop\\projects\\vagas\\smartenvios-challenge\\backend\\src\\services\\CreateIntentionService.ts","statementMap":{"0":{"start":{"line":15,"column":0},"end":{"line":15,"column":null}},"1":{"start":{"line":16,"column":22},"end":{"line":16,"column":63}},"2":{"start":{"line":18,"column":15},"end":{"line":48,"column":null}},"3":{"start":{"line":20,"column":12},"end":{"line":20,"column":null}},"4":{"start":{"line":21,"column":12},"end":{"line":21,"column":null}},"5":{"start":{"line":22,"column":11},"end":{"line":22,"column":null}},"6":{"start":{"line":23,"column":14},"end":{"line":23,"column":null}},"7":{"start":{"line":24,"column":12},"end":{"line":24,"column":null}},"8":{"start":{"line":25,"column":11},"end":{"line":25,"column":null}},"9":{"start":{"line":26,"column":18},"end":{"line":26,"column":null}},"10":{"start":{"line":27,"column":20},"end":{"line":27,"column":null}},"11":{"start":{"line":30,"column":10},"end":{"line":39,"column":6}},"12":{"start":{"line":41,"column":22},"end":{"line":41,"column":null}},"13":{"start":{"line":41,"column":10},"end":{"line":41,"column":null}},"14":{"start":{"line":43,"column":4},"end":{"line":45,"column":null}},"15":{"start":{"line":44,"column":6},"end":{"line":44,"column":52}},"16":{"start":{"line":47,"column":4},"end":{"line":47,"column":21}},"17":{"start":{"line":49,"column":0},"end":{"line":49,"column":null}},"18":{"start":{"line":50,"column":0},"end":{"line":50,"column":38}}},"fnMap":{"0":{"name":"(anonymous_13)","decl":{"start":{"line":15,"column":0},"end":{"line":15,"column":null}},"loc":{"start":{"line":15,"column":0},"end":{"line":49,"column":null}}},"1":{"name":"CreateIntentionService","decl":{"start":{"line":16,"column":2},"end":{"line":16,"column":22}},"loc":{"start":{"line":16,"column":63},"end":{"line":16,"column":67}}},"2":{"name":"(anonymous_15)","decl":{"start":{"line":18,"column":2},"end":{"line":18,"column":15}},"loc":{"start":{"line":28,"column":14},"end":{"line":48,"column":null}}}},"branchMap":{"0":{"loc":{"start":{"line":43,"column":4},"end":{"line":45,"column":null}},"type":"if","locations":[{"start":{"line":43,"column":4},"end":{"line":45,"column":null}},{"start":{"line":43,"column":4},"end":{"line":45,"column":null}}]}},"s":{"0":3,"1":3,"2":3,"3":5,"4":5,"5":5,"6":5,"7":5,"8":5,"9":5,"10":5,"11":5,"12":5,"13":5,"14":5,"15":0,"16":5,"17":3,"18":3},"f":{"0":3,"1":3,"2":5},"b":{"0":[0,5]}}
,"C:\\Users\\Allan NEto\\Desktop\\projects\\vagas\\smartenvios-challenge\\backend\\src\\services\\CreateUserService.ts": {"path":"C:\\Users\\Allan NEto\\Desktop\\projects\\vagas\\smartenvios-challenge\\backend\\src\\services\\CreateUserService.ts","statementMap":{"0":{"start":{"line":1,"column":0},"end":{"line":1,"column":27}},"1":{"start":{"line":4,"column":0},"end":{"line":4,"column":42}},"2":{"start":{"line":13,"column":0},"end":{"line":13,"column":null}},"3":{"start":{"line":14,"column":22},"end":{"line":14,"column":55}},"4":{"start":{"line":15,"column":15},"end":{"line":50,"column":null}},"5":{"start":{"line":16,"column":8},"end":{"line":16,"column":null}},"6":{"start":{"line":17,"column":8},"end":{"line":17,"column":null}},"7":{"start":{"line":18,"column":9},"end":{"line":18,"column":null}},"8":{"start":{"line":19,"column":13},"end":{"line":19,"column":null}},"9":{"start":{"line":21,"column":10},"end":{"line":26,"column":7}},"10":{"start":{"line":28,"column":10},"end":{"line":33,"column":6}},"11":{"start":{"line":35,"column":21},"end":{"line":35,"column":null}},"12":{"start":{"line":35,"column":10},"end":{"line":35,"column":null}},"13":{"start":{"line":37,"column":4},"end":{"line":39,"column":null}},"14":{"start":{"line":38,"column":6},"end":{"line":38,"column":45}},"15":{"start":{"line":41,"column":27},"end":{"line":41,"column":null}},"16":{"start":{"line":41,"column":10},"end":{"line":41,"column":null}},"17":{"start":{"line":43,"column":4},"end":{"line":45,"column":null}},"18":{"start":{"line":44,"column":6},"end":{"line":44,"column":28}},"19":{"start":{"line":47,"column":17},"end":{"line":47,"column":null}},"20":{"start":{"line":47,"column":10},"end":{"line":47,"column":null}},"21":{"start":{"line":49,"column":4},"end":{"line":49,"column":16}},"22":{"start":{"line":51,"column":0},"end":{"line":51,"column":null}}},"fnMap":{"0":{"name":"(anonymous_20)","decl":{"start":{"line":13,"column":0},"end":{"line":13,"column":null}},"loc":{"start":{"line":13,"column":0},"end":{"line":51,"column":null}}},"1":{"name":"CreateUserService","decl":{"start":{"line":14,"column":2},"end":{"line":14,"column":22}},"loc":{"start":{"line":14,"column":55},"end":{"line":14,"column":59}}},"2":{"name":"(anonymous_22)","decl":{"start":{"line":15,"column":2},"end":{"line":15,"column":15}},"loc":{"start":{"line":20,"column":12},"end":{"line":50,"column":null}}}},"branchMap":{"0":{"loc":{"start":{"line":37,"column":4},"end":{"line":39,"column":null}},"type":"if","locations":[{"start":{"line":37,"column":4},"end":{"line":39,"column":null}},{"start":{"line":37,"column":4},"end":{"line":39,"column":null}}]},"1":{"loc":{"start":{"line":43,"column":4},"end":{"line":45,"column":null}},"type":"if","locations":[{"start":{"line":43,"column":4},"end":{"line":45,"column":null}},{"start":{"line":43,"column":4},"end":{"line":45,"column":null}}]}},"s":{"0":3,"1":3,"2":3,"3":5,"4":3,"5":9,"6":9,"7":9,"8":9,"9":9,"10":9,"11":9,"12":8,"13":8,"14":0,"15":8,"16":8,"17":8,"18":4,"19":4,"20":4,"21":4,"22":3},"f":{"0":3,"1":5,"2":9},"b":{"0":[0,8],"1":[4,4]}}
,"C:\\Users\\Allan NEto\\Desktop\\projects\\vagas\\smartenvios-challenge\\backend\\src\\services\\UpdateIntentionClientService.ts": {"path":"C:\\Users\\Allan NEto\\Desktop\\projects\\vagas\\smartenvios-challenge\\backend\\src\\services\\UpdateIntentionClientService.ts","statementMap":{"0":{"start":{"line":10,"column":0},"end":{"line":10,"column":42}},"1":{"start":{"line":17,"column":0},"end":{"line":17,"column":null}},"2":{"start":{"line":19,"column":12},"end":{"line":19,"column":53}},"3":{"start":{"line":20,"column":12},"end":{"line":20,"column":45}},"4":{"start":{"line":23,"column":15},"end":{"line":42,"column":null}},"5":{"start":{"line":24,"column":15},"end":{"line":24,"column":17}},"6":{"start":{"line":24,"column":29},"end":{"line":24,"column":40}},"7":{"start":{"line":26,"column":4},"end":{"line":26,"column":53}},"8":{"start":{"line":27,"column":4},"end":{"line":27,"column":59}},"9":{"start":{"line":29,"column":22},"end":{"line":29,"column":null}},"10":{"start":{"line":29,"column":10},"end":{"line":29,"column":null}},"11":{"start":{"line":31,"column":4},"end":{"line":35,"column":null}},"12":{"start":{"line":32,"column":6},"end":{"line":34,"column":8}},"13":{"start":{"line":37,"column":4},"end":{"line":37,"column":36}},"14":{"start":{"line":39,"column":4},"end":{"line":39,"column":51}},"15":{"start":{"line":41,"column":4},"end":{"line":41,"column":21}},"16":{"start":{"line":43,"column":0},"end":{"line":43,"column":null}}},"fnMap":{"0":{"name":"(anonymous_14)","decl":{"start":{"line":17,"column":0},"end":{"line":17,"column":null}},"loc":{"start":{"line":17,"column":0},"end":{"line":43,"column":null}}},"1":{"name":"UpdateIntentionClientService","decl":{"start":{"line":18,"column":2},"end":{"line":18,"column":null}},"loc":{"start":{"line":20,"column":45},"end":{"line":21,"column":6}}},"2":{"name":"(anonymous_16)","decl":{"start":{"line":23,"column":2},"end":{"line":23,"column":15}},"loc":{"start":{"line":24,"column":40},"end":{"line":42,"column":null}}}},"branchMap":{"0":{"loc":{"start":{"line":26,"column":4},"end":{"line":26,"column":53}},"type":"switch","locations":[{"start":{"line":26,"column":4},"end":{"line":26,"column":53}}]},"1":{"loc":{"start":{"line":31,"column":4},"end":{"line":35,"column":null}},"type":"if","locations":[{"start":{"line":31,"column":4},"end":{"line":35,"column":null}},{"start":{"line":31,"column":4},"end":{"line":35,"column":null}}]}},"s":{"0":2,"1":2,"2":2,"3":2,"4":2,"5":4,"6":4,"7":8,"8":8,"9":4,"10":4,"11":4,"12":1,"13":3,"14":6,"15":3,"16":2},"f":{"0":2,"1":2,"2":4},"b":{"0":[4],"1":[1,3]}}
,"C:\\Users\\Allan NEto\\Desktop\\projects\\vagas\\smartenvios-challenge\\backend\\src\\services\\UpdateIntentionLeadStatusService.ts": {"path":"C:\\Users\\Allan NEto\\Desktop\\projects\\vagas\\smartenvios-challenge\\backend\\src\\services\\UpdateIntentionLeadStatusService.ts","statementMap":{"0":{"start":{"line":5,"column":0},"end":{"line":5,"column":42}},"1":{"start":{"line":13,"column":0},"end":{"line":13,"column":null}},"2":{"start":{"line":14,"column":22},"end":{"line":14,"column":63}},"3":{"start":{"line":16,"column":15},"end":{"line":40,"column":null}},"4":{"start":{"line":17,"column":16},"end":{"line":17,"column":null}},"5":{"start":{"line":18,"column":14},"end":{"line":18,"column":null}},"6":{"start":{"line":20,"column":22},"end":{"line":20,"column":null}},"7":{"start":{"line":20,"column":10},"end":{"line":20,"column":null}},"8":{"start":{"line":22,"column":4},"end":{"line":24,"column":null}},"9":{"start":{"line":23,"column":6},"end":{"line":23,"column":69}},"10":{"start":{"line":26,"column":4},"end":{"line":28,"column":null}},"11":{"start":{"line":27,"column":6},"end":{"line":27,"column":66}},"12":{"start":{"line":30,"column":4},"end":{"line":32,"column":null}},"13":{"start":{"line":31,"column":6},"end":{"line":31,"column":69}},"14":{"start":{"line":34,"column":4},"end":{"line":34,"column":38}},"15":{"start":{"line":35,"column":4},"end":{"line":35,"column":26}},"16":{"start":{"line":37,"column":4},"end":{"line":37,"column":51}},"17":{"start":{"line":39,"column":4},"end":{"line":39,"column":21}},"18":{"start":{"line":41,"column":0},"end":{"line":41,"column":null}}},"fnMap":{"0":{"name":"(anonymous_14)","decl":{"start":{"line":13,"column":0},"end":{"line":13,"column":null}},"loc":{"start":{"line":13,"column":0},"end":{"line":41,"column":null}}},"1":{"name":"UpdateIntentionLeadStatusService","decl":{"start":{"line":14,"column":2},"end":{"line":14,"column":22}},"loc":{"start":{"line":14,"column":63},"end":{"line":14,"column":67}}},"2":{"name":"(anonymous_16)","decl":{"start":{"line":16,"column":2},"end":{"line":16,"column":15}},"loc":{"start":{"line":19,"column":12},"end":{"line":40,"column":null}}}},"branchMap":{"0":{"loc":{"start":{"line":20,"column":22},"end":{"line":20,"column":null}},"type":"switch","locations":[{"start":{"line":20,"column":22},"end":{"line":20,"column":null}}]},"1":{"loc":{"start":{"line":22,"column":4},"end":{"line":24,"column":null}},"type":"if","locations":[{"start":{"line":22,"column":4},"end":{"line":24,"column":null}},{"start":{"line":22,"column":4},"end":{"line":24,"column":null}}]},"2":{"loc":{"start":{"line":26,"column":4},"end":{"line":28,"column":null}},"type":"if","locations":[{"start":{"line":26,"column":4},"end":{"line":28,"column":null}},{"start":{"line":26,"column":4},"end":{"line":28,"column":null}}]},"3":{"loc":{"start":{"line":30,"column":4},"end":{"line":32,"column":null}},"type":"if","locations":[{"start":{"line":30,"column":4},"end":{"line":32,"column":null}},{"start":{"line":30,"column":4},"end":{"line":32,"column":null}}]}},"s":{"0":1,"1":1,"2":1,"3":1,"4":5,"5":5,"6":5,"7":5,"8":5,"9":1,"10":4,"11":1,"12":3,"13":1,"14":2,"15":2,"16":4,"17":2,"18":1},"f":{"0":1,"1":1,"2":5},"b":{"0":[5],"1":[1,4],"2":[1,3],"3":[1,2]}}
}
