TN:
SF:src\services\AuthenticateUserService.ts
FN:6,(anonymous_14)
FN:7,(anonymous_16)
FNF:2
FNH:2
FNDA:2,(anonymous_14)
FNDA:1,(anonymous_16)
DA:3,1
DA:4,1
DA:6,1
DA:7,1
DA:8,1
DA:10,1
DA:15,1
DA:17,1
LF:8
LH:8
BRF:0
BRH:0
end_of_record
TN:
SF:src\services\CreateIntentionService.ts
FN:15,(anonymous_13)
FN:16,CreateIntentionService
FN:18,(anonymous_15)
FNF:3
FNH:3
FNDA:3,(anonymous_13)
FNDA:3,CreateIntentionService
FNDA:5,(anonymous_15)
DA:15,3
DA:16,3
DA:18,3
DA:20,5
DA:21,5
DA:22,5
DA:23,5
DA:24,5
DA:25,5
DA:26,5
DA:27,5
DA:30,5
DA:41,5
DA:43,5
DA:44,0
DA:47,5
DA:49,3
DA:50,3
LF:18
LH:17
BRDA:43,0,0,0
BRDA:43,0,1,5
BRF:2
BRH:1
end_of_record
TN:
SF:src\services\CreateUserService.ts
FN:13,(anonymous_20)
FN:14,CreateUserService
FN:15,(anonymous_22)
FNF:3
FNH:3
FNDA:3,(anonymous_20)
FNDA:5,CreateUserService
FNDA:9,(anonymous_22)
DA:1,3
DA:4,3
DA:13,3
DA:14,5
DA:15,3
DA:16,9
DA:17,9
DA:18,9
DA:19,9
DA:21,9
DA:28,9
DA:35,9
DA:37,8
DA:38,0
DA:41,8
DA:43,8
DA:44,4
DA:47,4
DA:49,4
DA:51,3
LF:20
LH:19
BRDA:37,0,0,0
BRDA:37,0,1,8
BRDA:43,1,0,4
BRDA:43,1,1,4
BRF:4
BRH:3
end_of_record
TN:
SF:src\services\UpdateIntentionClientService.ts
FN:17,(anonymous_14)
FN:18,UpdateIntentionClientService
FN:23,(anonymous_16)
FNF:3
FNH:3
FNDA:2,(anonymous_14)
FNDA:2,UpdateIntentionClientService
FNDA:4,(anonymous_16)
DA:10,2
DA:17,2
DA:19,2
DA:20,2
DA:23,2
DA:24,4
DA:26,8
DA:27,8
DA:29,4
DA:31,4
DA:32,1
DA:37,3
DA:39,6
DA:41,3
DA:43,2
LF:15
LH:15
BRDA:26,0,0,4
BRDA:31,1,0,1
BRDA:31,1,1,3
BRF:3
BRH:3
end_of_record
TN:
SF:src\services\UpdateIntentionLeadStatusService.ts
FN:13,(anonymous_14)
FN:14,UpdateIntentionLeadStatusService
FN:16,(anonymous_16)
FNF:3
FNH:3
FNDA:1,(anonymous_14)
FNDA:1,UpdateIntentionLeadStatusService
FNDA:5,(anonymous_16)
DA:5,1
DA:13,1
DA:14,1
DA:16,1
DA:17,5
DA:18,5
DA:20,5
DA:22,5
DA:23,1
DA:26,4
DA:27,1
DA:30,3
DA:31,1
DA:34,2
DA:35,2
DA:37,4
DA:39,2
DA:41,1
LF:18
LH:18
BRDA:20,0,0,5
BRDA:22,1,0,1
BRDA:22,1,1,4
BRDA:26,2,0,1
BRDA:26,2,1,3
BRDA:30,3,0,1
BRDA:30,3,1,2
BRF:7
BRH:7
end_of_record
